[0m[[0m[0mdebug[0m] [0m[0m> Exec(test, None, None)[0m
[0m[[0m[0mdebug[0m] [0m[0mEvaluating tasks: Test / test[0m
[0m[[0m[0mdebug[0m] [0m[0mRunning task... Cancel: Signal, check cycles: false, forcegc: true[0m
[0m[[0m[0minfo[0m] [0m[0mcompiling 1 Scala source to /Users/liandragiacomine/Exercism/scala/AdventOfCode/target/scala-2.13/test-classes ...[0m
[0m[[0m[0minfo[0m] [0m[0mdone compiling[0m
[0m[[0m[0minfo[0m] [0m[0m[32mWhaleTreacheryTest:[0m[0m
[0m[[0m[0minfo[0m] [0m[0m[31mDay7.WhaleTreacheryTest *** ABORTED ***[0m[0m
[0m[[0m[0minfo[0m] [0m[0m[31m  Duplicate test name: lowest fuel cost with changing rate to match example (WhaleTreacheryTest.scala:37)[0m[0m
[0m[[0m[0minfo[0m] [0m[0m[32mDepthIncrementTest:[0m[0m
[0m[[0m[0minfo[0m] [0m[0m[32m- no increments[0m[0m
[0m[[0m[0minfo[0m] [0m[0m[32m- one increment[0m[0m
[0m[[0m[0minfo[0m] [0m[0m[32m- a few increments[0m[0m
[0m[[0m[0minfo[0m] [0m[0m[32m- given example matches expected increment 7[0m[0m
[0m[[0m[0minfo[0m] [0m[0m[32m- get depth increments from input file[0m[0m
[0m[[0m[0minfo[0m] [0m[0m[32m- sliding window given example matches expected increment 5[0m[0m
[0m[[0m[0minfo[0m] [0m[0m[32m- get sliding window depth increments from input file[0m[0m
[0m[[0m[0minfo[0m] [0m[0m[32mHydrothermalVentureTest:[0m[0m
[0m[[0m[0minfo[0m] [0m[0m[32m- set point in grid[0m[0m
[0m[[0m[0minfo[0m] [0m[0m[32m- set all points in grid[0m[0m
[0m[[0m[0minfo[0m] [0m[0m[32m- matches example[0m[0m
[0m[[0m[0minfo[0m] [0m[0m[32mPowerConsumptionTest:[0m[0m
[0m[[0m[0minfo[0m] [0m[0m[32m- calculate first most common bit[0m[0m
[0m[[0m[0minfo[0m] [0m[0m[32m- calculate second most common bit[0m[0m
[0m[[0m[0minfo[0m] [0m[0m[32m- calculate third most common bit[0m[0m
[0m[[0m[0minfo[0m] [0m[0m[32m- calculate fourth most common bit[0m[0m
[0m[[0m[0minfo[0m] [0m[0m[32m- calculate fifth most common bit[0m[0m
[0m[[0m[0minfo[0m] [0m[0m[32m- calculate gamma rate[0m[0m
[0m[[0m[0minfo[0m] [0m[0m[32m- calculate epsilon rate[0m[0m
[0m[[0m[0minfo[0m] [0m[0m[32m- power consumption matches example[0m[0m
[0m[[0m[0minfo[0m] [0m[0m[32m- calculate power consumption in file[0m[0m
[0m[[0m[0minfo[0m] [0m[0m[32m- oxygen rating with 1 value[0m[0m
[0m[[0m[0minfo[0m] [0m[0m[32m- oxygen rating with various values[0m[0m
[0m[[0m[0minfo[0m] [0m[0m[32m- oxygen rating matches example[0m[0m
[0m[[0m[0minfo[0m] [0m[0m[32m- cO2 rating with one value[0m[0m
[0m[[0m[0minfo[0m] [0m[0m[32m- cO2 rating with various values[0m[0m
[0m[[0m[0minfo[0m] [0m[0m[32m- CO2 rating matches example[0m[0m
[0m[[0m[0minfo[0m] [0m[0m[32m- get life supporting rate of example[0m[0m
[0m[[0m[0minfo[0m] [0m[0m[32m- get life supporting rate in input file[0m[0m
[0m[[0m[0minfo[0m] [0m[0m[32mBingoTest:[0m[0m
[0m[[0m[0minfo[0m] [0m[0m[32m- test bingo by checking marked rows[0m[0m
[0m[[0m[0minfo[0m] [0m[0m[32m- test bingo by checking marked columns[0m[0m
[0m[[0m[0minfo[0m] [0m[0m[32m- calculate winner index[0m[0m
[0m[[0m[0minfo[0m] [0m[0m[32m- get sum of unmarked numbers from the winning board[0m[0m
[0m[[0m[0minfo[0m] [0m[0m[32m- get first winner score from file[0m[0m
[0m[[0m[0minfo[0m] [0m[0m[32m- last board winner[0m[0m
[0m[[0m[0minfo[0m] [0m[0m[32mDiveDepthTest:[0m[0m
[0m[[0m[0minfo[0m] [0m[0m[32m- down[0m[0m
[0m[[0m[0minfo[0m] [0m[0m[32m- up[0m[0m
[0m[[0m[0minfo[0m] [0m[0m[32m- up and down[0m[0m
[0m[[0m[0minfo[0m] [0m[0m[32m- example calculation should equal 150[0m[0m
[0m[[0m[0minfo[0m] [0m[0m[32m- calculate depth given input file[0m[0m
[0m[[0m[0minfo[0m] [0m[0m[32m- depth remains 0 without aim[0m[0m
[0m[[0m[0minfo[0m] [0m[0m[32m- aim exists and expected calculation result[0m[0m
[0m[[0m[0minfo[0m] [0m[0m[32m- gets expected dive depth with aim of given example[0m[0m
[0m[[0m[0minfo[0m] [0m[0m[32m- calculate depth with aim given input file[0m[0m
[0m[[0m[0minfo[0m] [0m[0m[32mLanternfishTest:[0m[0m
[0m[[0m[0minfo[0m] [0m[0m[32m- initial state[0m[0m
[0m[[0m[0minfo[0m] [0m[0m[32m- day 1[0m[0m
[0m[[0m[0minfo[0m] [0m[0m[32m- day 2[0m[0m
[0m[[0m[0minfo[0m] [0m[0m[32m- day 3[0m[0m
[0m[[0m[0minfo[0m] [0m[0m[32m- day 18[0m[0m
[0m[[0m[0minfo[0m] [0m[0m[32m- day 80[0m[0m
[0m[[0m[0minfo[0m] [0m[0m[32m- count after 80 days with input file initial state[0m[0m
[0m[[0m[0minfo[0m] [0m[0m[32m- initial state efficient func[0m[0m
[0m[[0m[0minfo[0m] [0m[0m[32m- coount fish 2[0m[0m
[0m[[0m[0minfo[0m] [0m[0m[32m- coount fish 80[0m[0m
[0m[[0m[0minfo[0m] [0m[0m[36mRun completed in 260 milliseconds.[0m[0m
[0m[[0m[0minfo[0m] [0m[0m[36mTotal number of tests run: 52[0m[0m
[0m[[0m[0minfo[0m] [0m[0m[36mSuites: completed 6, aborted 1[0m[0m
[0m[[0m[0minfo[0m] [0m[0m[36mTests: succeeded 52, failed 0, canceled 0, ignored 0, pending 0[0m[0m
[0m[[0m[0minfo[0m] [0m[0m[31m*** 1 SUITE ABORTED ***[0m[0m
[0m[[0m[31merror[0m] [0m[0mError during tests:[0m
[0m[[0m[31merror[0m] [0m[0m	Day7.WhaleTreacheryTest[0m
[0m[[0m[31merror[0m] [0m[0m(Test / [31mtest[0m) sbt.TestsFailedException: Tests unsuccessful[0m
[0m[[0m[31merror[0m] [0m[0mTotal time: 1 s, completed 13 Dec 2021, 13:23:08[0m
[0m[[0m[0mdebug[0m] [0m[0m> Exec(idea-shell, None, None)[0m
